<?xml version="1.0" encoding="UTF-8"?>
<!-- Generated by org.testng.reporters.JUnitXMLReporter -->
<testsuite hostname="DESKTOP-JF3KOLH" ignored="0" tests="11" failures="0" timestamp="27 мая 2021 15:53:24 GMT" time="24.457" errors="0">
  <testcase name="createJob" time="7.986" classname="JobJenkinsCreateTest"/>
  <testcase name="createBuild" time="0.157" classname="JobJenkinsCreateTest"/>
  <testcase name="copyJob" time="0.218" classname="JobJenkinsCreateTest"/>
  <testcase name="newJobJenkinsParam" time="3.736" classname="ResponseJobJenkinsTest"/>
  <testcase name="newJenkinsParam" time="0.192" classname="ResponseJobJenkinsTest"/>
  <testcase name="paramInfoJob" time="8.548" classname="ResponseJobJenkinsTest"/>
  <testcase name="newJobJenkinsLogTXT" time="0.333" classname="ResponseJobJenkinsTest"/>
  <testcase name="newJobJenkinsLogHTML" time="2.265" classname="ResponseJobJenkinsTest"/>
  <testcase name="sumBuildJobJenkins" time="0.498" classname="ResponseJobJenkinsTest"/>
  <testcase name="deleteJobJenkins" time="0.236" classname="TestDeleteJob"/>
  <testcase name="deleteNewJobJenkins" time="0.066" classname="TestDeleteJob"/>
</testsuite>
