<?xml version="1.0" encoding="UTF-8"?>
<testng-results skipped="0" failed="0" ignored="0" total="11" passed="11">
  <reporter-output>
  </reporter-output>
  <suite name="Command line suite" duration-ms="24457" started-at="2021-05-27T15:52:59Z" finished-at="2021-05-27T15:53:24Z">
    <groups>
    </groups>
    <test name="Command line test" duration-ms="24457" started-at="2021-05-27T15:52:59Z" finished-at="2021-05-27T15:53:24Z">
      <class name="ResponseJobJenkinsTest">
        <test-method status="PASS" signature="initSpec()[pri:0, instance:ResponseJobJenkinsTest@5594a1b5]" name="initSpec" is-config="true" duration-ms="22" started-at="2021-05-27T18:53:08Z" finished-at="2021-05-27T18:53:08Z">
          <reporter-output>
          </reporter-output>
        </test-method> <!-- initSpec -->
        <test-method status="PASS" signature="newJobJenkinsParam()[pri:4, instance:ResponseJobJenkinsTest@5594a1b5]" name="newJobJenkinsParam" duration-ms="3736" started-at="2021-05-27T18:53:08Z" finished-at="2021-05-27T18:53:11Z">
          <reporter-output>
          </reporter-output>
        </test-method> <!-- newJobJenkinsParam -->
        <test-method status="PASS" signature="newJenkinsParam()[pri:5, instance:ResponseJobJenkinsTest@5594a1b5]" name="newJenkinsParam" duration-ms="192" started-at="2021-05-27T18:53:11Z" finished-at="2021-05-27T18:53:12Z">
          <reporter-output>
          </reporter-output>
        </test-method> <!-- newJenkinsParam -->
        <test-method status="PASS" signature="paramInfoJob()[pri:6, instance:ResponseJobJenkinsTest@5594a1b5]" name="paramInfoJob" duration-ms="8548" started-at="2021-05-27T18:53:12Z" finished-at="2021-05-27T18:53:20Z">
          <reporter-output>
          </reporter-output>
        </test-method> <!-- paramInfoJob -->
        <test-method status="PASS" signature="newJobJenkinsLogTXT()[pri:7, instance:ResponseJobJenkinsTest@5594a1b5]" name="newJobJenkinsLogTXT" duration-ms="333" started-at="2021-05-27T18:53:20Z" finished-at="2021-05-27T18:53:20Z">
          <reporter-output>
          </reporter-output>
        </test-method> <!-- newJobJenkinsLogTXT -->
        <test-method status="PASS" signature="newJobJenkinsLogHTML()[pri:8, instance:ResponseJobJenkinsTest@5594a1b5]" name="newJobJenkinsLogHTML" duration-ms="2265" started-at="2021-05-27T18:53:20Z" finished-at="2021-05-27T18:53:23Z">
          <reporter-output>
          </reporter-output>
        </test-method> <!-- newJobJenkinsLogHTML -->
        <test-method status="PASS" signature="sumBuildJobJenkins()[pri:9, instance:ResponseJobJenkinsTest@5594a1b5]" name="sumBuildJobJenkins" duration-ms="498" started-at="2021-05-27T18:53:23Z" finished-at="2021-05-27T18:53:23Z">
          <reporter-output>
          </reporter-output>
        </test-method> <!-- sumBuildJobJenkins -->
      </class> <!-- ResponseJobJenkinsTest -->
      <class name="JobJenkinsCreateTest">
        <test-method status="PASS" signature="createJob()[pri:1, instance:JobJenkinsCreateTest@3ac3fd8b]" name="createJob" duration-ms="7986" started-at="2021-05-27T18:52:59Z" finished-at="2021-05-27T18:53:07Z">
          <reporter-output>
          </reporter-output>
        </test-method> <!-- createJob -->
        <test-method status="PASS" signature="createBuild()[pri:2, instance:JobJenkinsCreateTest@3ac3fd8b]" name="createBuild" duration-ms="157" started-at="2021-05-27T18:53:07Z" finished-at="2021-05-27T18:53:07Z">
          <reporter-output>
          </reporter-output>
        </test-method> <!-- createBuild -->
        <test-method status="PASS" signature="copyJob()[pri:3, instance:JobJenkinsCreateTest@3ac3fd8b]" name="copyJob" duration-ms="218" started-at="2021-05-27T18:53:07Z" finished-at="2021-05-27T18:53:08Z">
          <reporter-output>
          </reporter-output>
        </test-method> <!-- copyJob -->
      </class> <!-- JobJenkinsCreateTest -->
      <class name="TestDeleteJob">
        <test-method status="PASS" signature="deleteJobJenkins()[pri:10, instance:TestDeleteJob@6a5fc7f7]" name="deleteJobJenkins" duration-ms="236" started-at="2021-05-27T18:53:23Z" finished-at="2021-05-27T18:53:23Z">
          <reporter-output>
          </reporter-output>
        </test-method> <!-- deleteJobJenkins -->
        <test-method status="PASS" signature="deleteNewJobJenkins()[pri:11, instance:TestDeleteJob@6a5fc7f7]" name="deleteNewJobJenkins" duration-ms="66" started-at="2021-05-27T18:53:23Z" finished-at="2021-05-27T18:53:24Z">
          <reporter-output>
          </reporter-output>
        </test-method> <!-- deleteNewJobJenkins -->
      </class> <!-- TestDeleteJob -->
    </test> <!-- Command line test -->
  </suite> <!-- Command line suite -->
</testng-results>
